<?xml version="1.0" encoding="UTF-8" ?>
<testsuites>
  <testsuite errors="0" failures="0" hostname="rglobus.stanford.edu" id="0" name="QuerySpec" package="hudson" tests="4" time="8.174" timestamp="2014-04-21T02:03:52">
      <properties />

      <testcase classname="hudson.QuerySpec" name="test xmlParsing" time="5.56" />

      <testcase classname="hudson.QuerySpec" name="test craigslistRssUrl" time="0.31" />

      <testcase classname="hudson.QuerySpec" name="test searchCraigslist" time="1.963" />

      <testcase classname="hudson.QuerySpec" name="test defaultValues" time="0.263" />

      <system-out><![CDATA[--Output from test xmlParsing--
--Output from test craigslistRssUrl--
--Output from test searchCraigslist--
--Output from test defaultValues--
]]></system-out>

      <system-err><![CDATA[--Output from test xmlParsing--
--Output from test craigslistRssUrl--
--Output from test searchCraigslist--
--Output from test defaultValues--
]]></system-err>

  </testsuite>
</testsuites>
